<?xml version="1.0" encoding="UTF-8"?>
<!-- Generated by org.testng.reporters.JUnitXMLReporter -->
<testsuite hostname="DESKTOP-H4F3BNE" ignored="0" name="BankingApp Test" tests="6" failures="0" timestamp="2020-10-27T18:32:43 IST" time="67.878" errors="0">
  <testcase name="testlogin" time="2.914" classname="com.intBanking.testCases.TC_logintest"/>
  <testcase name="LoginTest" time="8.467" classname="com.intBanking.testCases.LoginTestDDT"/>
  <testcase name="LoginTest" time="8.216" classname="com.intBanking.testCases.LoginTestDDT"/>
  <testcase name="LoginTest" time="10.151" classname="com.intBanking.testCases.LoginTestDDT"/>
  <testcase name="LoginTest" time="8.567" classname="com.intBanking.testCases.LoginTestDDT"/>
  <testcase name="Addcustomermethod" time="9.877" classname="com.intBanking.testCases.AddcustomerTC"/>
</testsuite> <!-- BankingApp Test -->
