<?xml version="1.0" encoding="UTF-8"?>
<!-- Generated by org.testng.reporters.JUnitReportReporter -->
<testsuite skipped="0" hostname="DESKTOP-H4F3BNE" name="com.intBanking.testCases.LoginTestDDT" tests="4" failures="0" timestamp="2020-10-27T18:32:44 IST" time="35.401" errors="0">
  <testcase name="LoginTest" time="8.216" classname="com.intBanking.testCases.LoginTestDDT"/>
  <system-out/>
  <testcase name="LoginTest" time="8.467" classname="com.intBanking.testCases.LoginTestDDT"/>
  <system-out/>
  <testcase name="LoginTest" time="8.567" classname="com.intBanking.testCases.LoginTestDDT"/>
  <system-out/>
  <testcase name="LoginTest" time="10.151" classname="com.intBanking.testCases.LoginTestDDT"/>
  <system-out/>
</testsuite> <!-- com.intBanking.testCases.LoginTestDDT -->
