<?xml version="1.0" encoding="UTF-8"?>
<!-- Generated by org.testng.reporters.JUnitXMLReporter -->
<testsuite hostname="DESKTOP-H4F3BNE" ignored="0" name="BankingApp Test(failed)" tests="2" failures="0" timestamp="2020-10-26T19:30:21 IST" time="29.771" errors="0">
  <testcase name="LoginTest" time="11.355" classname="com.intBanking.testCases.LoginTestDDT"/>
  <testcase name="LoginTest" time="10.388" classname="com.intBanking.testCases.LoginTestDDT"/>
</testsuite> <!-- BankingApp Test(failed) -->
